Build started 02.10.2025 22:21:03.
     1>Project "D:\Downloads\Eco.Lab1\Eco.Lab1\AssemblyFiles\Windows\VisualStudio_10\Eco.Lab1UnitTest.vcxproj" on node 2 (build target(s)).
     1>InitializeBuildStatus:
         Touching "Eco.Lab1UnitTest\DynamicDebug\Eco.Lab1UnitTest.unsuccessfulbuild".
       ClCompile:
         D:\Program Files (x86)\Microsoft Visual Studio 10.0\VC\bin\CL.exe /c /I..\..\..\SharedFiles /I..\..\..\HeaderFiles /ID:\Downloads\Eco.Framework\Eco.Core1\SharedFiles /ID:\Downloads\Eco.Framework\Eco.InterfaceBus1\SharedFiles /ID:\Downloads\Eco.Framework\Eco.System1\SharedFiles /ID:\Downloads\Eco.Framework\Eco.MemoryManager1\SharedFiles /ID:\Downloads\Eco.Framework\Eco.FileSystemManagement1\SharedFiles /ID:\Downloads\Eco.Framework\Eco.List1\SharedFiles /ZI /nologo /W3 /WX- /Od /Oy- /D WIN32 /D _DEBUG /D _CONSOLE /D UGUID_UTILITY /D ECO_X86_32 /D ECO_WINDOWS /D ECO_WIN32 /D ECO_DLL /D _UNICODE /D UNICODE /Gm /EHsc /RTC1 /MTd /GS /fp:precise /Zc:wchar_t /Zc:forScope /Fo"Eco.Lab1UnitTest\DynamicDebug\\" /Fd"Eco.Lab1UnitTest\DynamicDebug\vc100.pdb" /Gz /TC /analyze- /errorReport:prompt ..\..\..\UnitTestFiles\SourceFiles\EcoLab1.c
         EcoLab1.c
     1>d:\downloads\eco.lab1\eco.lab1\sharedfiles\iecolab1.h(28): fatal error C1083: Cannot open include file: 'IEcoMathC89.h': No such file or directory
     1>Done Building Project "D:\Downloads\Eco.Lab1\Eco.Lab1\AssemblyFiles\Windows\VisualStudio_10\Eco.Lab1UnitTest.vcxproj" (build target(s)) -- FAILED.

Build FAILED.

Time Elapsed 00:00:00.31
